<?xml version="1.0" encoding="UTF-8"?>
<testsuite name="com.example.demoabi.DemoabiApplicationTests" time="0.019" tests="1" errors="1" skipped="0" failures="0">
  <properties>
[...]
</properties>
  <testcase name="initializationError" classname="com.example.demoabi.DemoabiApplicationTests" time="0.019">
    <error message="Unable to find a @SpringBootConfiguration, you need to use @ContextConfiguration or @SpringBootTest(classes=...) with your test" type="java.lang.IllegalStateException"><![CDATA[java.lang.IllegalStateException: Unable to find a @SpringBootConfiguration, you need to use @ContextConfiguration or @SpringBootTest(classes=...) with your test
	at org.springframework.util.Assert.state(Assert.java:70)
	at org.springframework.boot.test.context.SpringBootTestContextBootstrapper.getOrFindConfigurationClasses(SpringBootTestContextBootstrapper.java:202)
	at org.springframework.boot.test.context.SpringBootTestContextBootstrapper.processMergedContextConfiguration(SpringBootTestContextBootstrapper.java:137)
	at org.springframework.test.context.support.AbstractTestContextBootstrapper.buildMergedContextConfiguration(AbstractTestContextBootstrapper.java:397)
	at org.springframework.test.context.support.AbstractTestContextBootstrapper.buildDefaultMergedContextConfiguration(AbstractTestContextBootstrapper.java:311)
	at org.springframework.test.context.support.AbstractTestContextBootstrapper.buildMergedContextConfiguration(AbstractTestContextBootstrapper.java:265)
	at org.springframework.test.context.support.AbstractTestContextBootstrapper.buildTestContext(AbstractTestContextBootstrapper.java:105)
	at org.springframework.boot.test.context.SpringBootTestContextBootstrapper.buildTestContext(SpringBootTestContextBootstrapper.java:82)
	at org.springframework.test.context.TestContextManager.<init>(TestContextManager.java:120)
	at org.springframework.test.context.TestContextManager.<init>(TestContextManager.java:105)
	at org.springframework.test.context.junit4.SpringJUnit4ClassRunner.createTestContextManager(SpringJUnit4ClassRunner.java:152)
	at org.springframework.test.context.junit4.SpringJUnit4ClassRunner.<init>(SpringJUnit4ClassRunner.java:143)
	at org.springframework.test.context.junit4.SpringRunner.<init>(SpringRunner.java:49)
	at sun.reflect.NativeConstructorAccessorImpl.newInstance0(Native Method)
	at sun.reflect.NativeConstructorAccessorImpl.newInstance(NativeConstructorAccessorImpl.java:62)
	at sun.reflect.DelegatingConstructorAccessorImpl.newInstance(DelegatingConstructorAccessorImpl.java:45)
	at java.lang.reflect.Constructor.newInstance(Constructor.java:423)
	at org.junit.internal.builders.AnnotatedBuilder.buildRunner(AnnotatedBuilder.java:104)
	at org.junit.internal.builders.AnnotatedBuilder.runnerForClass(AnnotatedBuilder.java:86)
	at org.junit.runners.model.RunnerBuilder.safeRunnerForClass(RunnerBuilder.java:59)
	at org.junit.internal.builders.AllDefaultPossibilitiesBuilder.runnerForClass(AllDefaultPossibilitiesBuilder.java:26)
	at org.junit.runners.model.RunnerBuilder.safeRunnerForClass(RunnerBuilder.java:59)
	at org.junit.internal.requests.ClassRequest.getRunner(ClassRequest.java:33)
	at org.apache.maven.surefire.junit4.JUnit4Provider.execute(JUnit4Provider.java:283)
	at org.apache.maven.surefire.junit4.JUnit4Provider.executeWithRerun(JUnit4Provider.java:173)
	at org.apache.maven.surefire.junit4.JUnit4Provider.executeTestSet(JUnit4Provider.java:153)
	at org.apache.maven.surefire.junit4.JUnit4Provider.invoke(JUnit4Provider.java:128)
	at org.apache.maven.surefire.booter.ForkedBooter.invokeProviderInSameClassLoader(ForkedBooter.java:203)
	at org.apache.maven.surefire.booter.ForkedBooter.runSuitesInProcess(ForkedBooter.java:155)
	at org.apache.maven.surefire.booter.ForkedBooter.main(ForkedBooter.java:103)
]]></error>
    <system-out><![CDATA[19:44:26.049 [main] DEBUG org.springframework.test.context.junit4.SpringJUnit4ClassRunner - SpringJUnit4ClassRunner constructor called with [class com.example.demoabi.DemoabiApplicationTests]
19:44:26.075 [main] DEBUG org.springframework.test.context.BootstrapUtils - Instantiating CacheAwareContextLoaderDelegate from class [org.springframework.test.context.cache.DefaultCacheAwareContextLoaderDelegate]
19:44:26.093 [main] DEBUG org.springframework.test.context.BootstrapUtils - Instantiating BootstrapContext using constructor [public org.springframework.test.context.support.DefaultBootstrapContext(java.lang.Class,org.springframework.test.context.CacheAwareContextLoaderDelegate)]
19:44:26.171 [main] DEBUG org.springframework.test.context.BootstrapUtils - Instantiating TestContextBootstrapper for test class [com.example.demoabi.DemoabiApplicationTests] from class [org.springframework.boot.test.context.SpringBootTestContextBootstrapper]
19:44:26.195 [main] INFO org.springframework.boot.test.context.SpringBootTestContextBootstrapper - Neither @ContextConfiguration nor @ContextHierarchy found for test class [com.example.demoabi.DemoabiApplicationTests], using SpringBootContextLoader
19:44:26.199 [main] DEBUG org.springframework.test.context.support.AbstractContextLoader - Did not detect default resource location for test class [com.example.demoabi.DemoabiApplicationTests]: class path resource [com/example/demoabi/DemoabiApplicationTests-context.xml] does not exist
19:44:26.200 [main] DEBUG org.springframework.test.context.support.AbstractContextLoader - Did not detect default resource location for test class [com.example.demoabi.DemoabiApplicationTests]: class path resource [com/example/demoabi/DemoabiApplicationTestsContext.groovy] does not exist
19:44:26.200 [main] INFO org.springframework.test.context.support.AbstractContextLoader - Could not detect default resource locations for test class [com.example.demoabi.DemoabiApplicationTests]: no resource found for suffixes {-context.xml, Context.groovy}.
19:44:26.202 [main] INFO org.springframework.test.context.support.AnnotationConfigContextLoaderUtils - Could not detect default configuration classes for test class [com.example.demoabi.DemoabiApplicationTests]: DemoabiApplicationTests does not declare any static, non-private, non-final, nested classes annotated with @Configuration.
19:44:26.278 [main] DEBUG org.springframework.test.context.support.ActiveProfilesUtils - Could not find an 'annotation declaring class' for annotation type [org.springframework.test.context.ActiveProfiles] and class [com.example.demoabi.DemoabiApplicationTests]
19:44:26.294 [main] DEBUG org.springframework.core.env.StandardEnvironment - Adding PropertySource 'systemProperties' with lowest search precedence
19:44:26.298 [main] DEBUG org.springframework.core.env.StandardEnvironment - Adding PropertySource 'systemEnvironment' with lowest search precedence
19:44:26.299 [main] DEBUG org.springframework.core.env.StandardEnvironment - Initialized StandardEnvironment with PropertySources [MapPropertySource@706197430 {name='systemProperties', properties={java.runtime.name=Java(TM) SE Runtime Environment, sun.boot.library.path=C:\Program Files\Java\jdk1.8.0_201\jre\bin, java.vm.version=25.201-b09, java.vm.vendor=Oracle Corporation, java.vendor.url=http://java.oracle.com/, path.separator=;, java.vm.name=Java HotSpot(TM) 64-Bit Server VM, file.encoding.pkg=sun.io, user.country=IN, user.script=, sun.java.launcher=SUN_STANDARD, sun.os.patch.level=, java.vm.specification.name=Java Virtual Machine Specification, user.dir=E:\Spring\spring-tool-suite-3.9.8.RELEASE-e4.11.0-win32-x86_64\sts-bundle\sts-3.9.8.RELEASE\employee, java.runtime.version=1.8.0_201-b09, basedir=E:\Spring\spring-tool-suite-3.9.8.RELEASE-e4.11.0-win32-x86_64\sts-bundle\sts-3.9.8.RELEASE\employee, java.awt.graphicsenv=sun.awt.Win32GraphicsEnvironment, java.endorsed.dirs=C:\Program Files\Java\jdk1.8.0_201\jre\lib\endorsed, os.arch=amd64, surefire.real.class.path=E:\Spring\spring-tool-suite-3.9.8.RELEASE-e4.11.0-win32-x86_64\sts-bundle\sts-3.9.8.RELEASE\employee\target\surefire\surefirebooter6507824661814399842.jar, java.io.tmpdir=C:\Users\Abirami\AppData\Local\Temp\, line.separator=
, java.vm.specification.vendor=Oracle Corporation, user.variant=, os.name=Windows 10, sun.jnu.encoding=Cp1252, java.library.path=C:\Program Files\Java\jdk1.8.0_201\jre\bin;C:\WINDOWS\Sun\Java\bin;C:\WINDOWS\system32;C:\WINDOWS;C:/Program Files/Java/jdk1.8.0_201/bin/../jre/bin/server;C:/Program Files/Java/jdk1.8.0_201/bin/../jre/bin;C:/Program Files/Java/jdk1.8.0_201/bin/../jre/lib/amd64;C:\WINDOWS\System32;C:\Users\Abirami\AppData\Local\Programs\Python\Python37-32\Scripts\;C:\Users\Abirami\AppData\Local\Programs\Python\Python37-32\;C:\Program Files\Java\jdk1.8.0_201\bin\;C:\Program Files\MySQL\MySQL Server 8.0\bin\;C:\Program Files\MySQL\MySQL Shell 8.0\bin;;C:\Program Files\JetBrains\PyCharm Community Edition 2019.2.4\bin;;E:\Spring\spring-tool-suite-3.9.8.RELEASE-e4.11.0-win32-x86_64\sts-bundle\sts-3.9.8.RELEASE;;., surefire.test.class.path=E:\Spring\spring-tool-suite-3.9.8.RELEASE-e4.11.0-win32-x86_64\sts-bundle\sts-3.9.8.RELEASE\employee\target\test-classes;E:\Spring\spring-tool-suite-3.9.8.RELEASE-e4.11.0-win32-x86_64\sts-bundle\sts-3.9.8.RELEASE\employee\target\classes;C:\Users\Abirami\.m2\repository\org\springframework\boot\spring-boot-starter-data-jpa\1.5.21.RELEASE\spring-boot-starter-data-jpa-1.5.21.RELEASE.jar;C:\Users\Abirami\.m2\repository\org\springframework\boot\spring-boot-starter\1.5.21.RELEASE\spring-boot-starter-1.5.21.RELEASE.jar;C:\Users\Abirami\.m2\repository\org\springframework\boot\spring-boot\1.5.21.RELEASE\spring-boot-1.5.21.RELEASE.jar;C:\Users\Abirami\.m2\repository\org\springframework\boot\spring-boot-autoconfigure\1.5.21.RELEASE\spring-boot-autoconfigure-1.5.21.RELEASE.jar;C:\Users\Abirami\.m2\repository\org\springframework\boot\spring-boot-starter-logging\1.5.21.RELEASE\spring-boot-starter-logging-1.5.21.RELEASE.jar;C:\Users\Abirami\.m2\repository\ch\qos\logback\logback-classic\1.1.11\logback-classic-1.1.11.jar;C:\Users\Abirami\.m2\repository\ch\qos\logback\logback-core\1.1.11\logback-core-1.1.11.jar;C:\Users\Abirami\.m2\repository\org\slf4j\jul-to-slf4j\1.7.26\jul-to-slf4j-1.7.26.jar;C:\Users\Abirami\.m2\repository\org\slf4j\log4j-over-slf4j\1.7.26\log4j-over-slf4j-1.7.26.jar;C:\Users\Abirami\.m2\repository\org\yaml\snakeyaml\1.17\snakeyaml-1.17.jar;C:\Users\Abirami\.m2\repository\org\springframework\boot\spring-boot-starter-aop\1.5.21.RELEASE\spring-boot-starter-aop-1.5.21.RELEASE.jar;C:\Users\Abirami\.m2\repository\org\springframework\spring-aop\4.3.24.RELEASE\spring-aop-4.3.24.RELEASE.jar;C:\Users\Abirami\.m2\repository\org\aspectj\aspectjweaver\1.8.14\aspectjweaver-1.8.14.jar;C:\Users\Abirami\.m2\repository\org\springframework\boot\spring-boot-starter-jdbc\1.5.21.RELEASE\spring-boot-starter-jdbc-1.5.21.RELEASE.jar;C:\Users\Abirami\.m2\repository\org\apache\tomcat\tomcat-jdbc\8.5.40\tomcat-jdbc-8.5.40.jar;C:\Users\Abirami\.m2\repository\org\apache\tomcat\tomcat-juli\8.5.40\tomcat-juli-8.5.40.jar;C:\Users\Abirami\.m2\repository\org\springframework\spring-jdbc\4.3.24.RELEASE\spring-jdbc-4.3.24.RELEASE.jar;C:\Users\Abirami\.m2\repository\org\hibernate\hibernate-entitymanager\5.0.12.Final\hibernate-entitymanager-5.0.12.Final.jar;C:\Users\Abirami\.m2\repository\javax\transaction\javax.transaction-api\1.2\javax.transaction-api-1.2.jar;C:\Users\Abirami\.m2\repository\org\springframework\data\spring-data-jpa\1.11.22.RELEASE\spring-data-jpa-1.11.22.RELEASE.jar;C:\Users\Abirami\.m2\repository\org\springframework\data\spring-data-commons\1.13.22.RELEASE\spring-data-commons-1.13.22.RELEASE.jar;C:\Users\Abirami\.m2\repository\org\springframework\spring-orm\4.3.24.RELEASE\spring-orm-4.3.24.RELEASE.jar;C:\Users\Abirami\.m2\repository\org\springframework\spring-context\4.3.24.RELEASE\spring-context-4.3.24.RELEASE.jar;C:\Users\Abirami\.m2\repository\org\springframework\spring-tx\4.3.24.RELEASE\spring-tx-4.3.24.RELEASE.jar;C:\Users\Abirami\.m2\repository\org\springframework\spring-beans\4.3.24.RELEASE\spring-beans-4.3.24.RELEASE.jar;C:\Users\Abirami\.m2\repository\org\slf4j\slf4j-api\1.7.26\slf4j-api-1.7.26.jar;C:\Users\Abirami\.m2\repository\org\slf4j\jcl-over-slf4j\1.7.26\jcl-over-slf4j-1.7.26.jar;C:\Users\Abirami\.m2\repository\org\springframework\spring-aspects\4.3.24.RELEASE\spring-aspects-4.3.24.RELEASE.jar;C:\Users\Abirami\.m2\repository\org\springframework\boot\spring-boot-starter-web\1.5.21.RELEASE\spring-boot-starter-web-1.5.21.RELEASE.jar;C:\Users\Abirami\.m2\repository\org\springframework\boot\spring-boot-starter-tomcat\1.5.21.RELEASE\spring-boot-starter-tomcat-1.5.21.RELEASE.jar;C:\Users\Abirami\.m2\repository\org\apache\tomcat\embed\tomcat-embed-core\8.5.40\tomcat-embed-core-8.5.40.jar;C:\Users\Abirami\.m2\repository\org\apache\tomcat\tomcat-annotations-api\8.5.40\tomcat-annotations-api-8.5.40.jar;C:\Users\Abirami\.m2\repository\org\apache\tomcat\embed\tomcat-embed-el\8.5.40\tomcat-embed-el-8.5.40.jar;C:\Users\Abirami\.m2\repository\org\apache\tomcat\embed\tomcat-embed-websocket\8.5.40\tomcat-embed-websocket-8.5.40.jar;C:\Users\Abirami\.m2\repository\org\hibernate\hibernate-validator\5.3.6.Final\hibernate-validator-5.3.6.Final.jar;C:\Users\Abirami\.m2\repository\javax\validation\validation-api\1.1.0.Final\validation-api-1.1.0.Final.jar;C:\Users\Abirami\.m2\repository\com\fasterxml\classmate\1.3.4\classmate-1.3.4.jar;C:\Users\Abirami\.m2\repository\com\fasterxml\jackson\core\jackson-databind\2.8.11.3\jackson-databind-2.8.11.3.jar;C:\Users\Abirami\.m2\repository\com\fasterxml\jackson\core\jackson-annotations\2.8.0\jackson-annotations-2.8.0.jar;C:\Users\Abirami\.m2\repository\com\fasterxml\jackson\core\jackson-core\2.8.11\jackson-core-2.8.11.jar;C:\Users\Abirami\.m2\repository\org\springframework\spring-web\4.3.24.RELEASE\spring-web-4.3.24.RELEASE.jar;C:\Users\Abirami\.m2\repository\org\springframework\spring-webmvc\4.3.24.RELEASE\spring-webmvc-4.3.24.RELEASE.jar;C:\Users\Abirami\.m2\repository\org\springframework\spring-expression\4.3.24.RELEASE\spring-expression-4.3.24.RELEASE.jar;C:\Users\Abirami\.m2\repository\mysql\mysql-connector-java\5.1.47\mysql-connector-java-5.1.47.jar;C:\Users\Abirami\.m2\repository\org\hibernate\hibernate-core\5.0.12.Final\hibernate-core-5.0.12.Final.jar;C:\Users\Abirami\.m2\repository\org\jboss\logging\jboss-logging\3.3.2.Final\jboss-logging-3.3.2.Final.jar;C:\Users\Abirami\.m2\repository\org\hibernate\javax\persistence\hibernate-jpa-2.1-api\1.0.0.Final\hibernate-jpa-2.1-api-1.0.0.Final.jar;C:\Users\Abirami\.m2\repository\org\javassist\javassist\3.21.0-GA\javassist-3.21.0-GA.jar;C:\Users\Abirami\.m2\repository\antlr\antlr\2.7.7\antlr-2.7.7.jar;C:\Users\Abirami\.m2\repository\org\apache\geronimo\specs\geronimo-jta_1.1_spec\1.1.1\geronimo-jta_1.1_spec-1.1.1.jar;C:\Users\Abirami\.m2\repository\org\jboss\jandex\2.0.0.Final\jandex-2.0.0.Final.jar;C:\Users\Abirami\.m2\repository\dom4j\dom4j\1.6.1\dom4j-1.6.1.jar;C:\Users\Abirami\.m2\repository\org\hibernate\common\hibernate-commons-annotations\5.0.1.Final\hibernate-commons-annotations-5.0.1.Final.jar;C:\Users\Abirami\.m2\repository\org\springframework\boot\spring-boot-starter-test\1.5.21.RELEASE\spring-boot-starter-test-1.5.21.RELEASE.jar;C:\Users\Abirami\.m2\repository\org\springframework\boot\spring-boot-test\1.5.21.RELEASE\spring-boot-test-1.5.21.RELEASE.jar;C:\Users\Abirami\.m2\repository\org\springframework\boot\spring-boot-test-autoconfigure\1.5.21.RELEASE\spring-boot-test-autoconfigure-1.5.21.RELEASE.jar;C:\Users\Abirami\.m2\repository\com\jayway\jsonpath\json-path\2.2.0\json-path-2.2.0.jar;C:\Users\Abirami\.m2\repository\net\minidev\json-smart\2.2.1\json-smart-2.2.1.jar;C:\Users\Abirami\.m2\repository\net\minidev\accessors-smart\1.1\accessors-smart-1.1.jar;C:\Users\Abirami\.m2\repository\org\ow2\asm\asm\5.0.3\asm-5.0.3.jar;C:\Users\Abirami\.m2\repository\junit\junit\4.12\junit-4.12.jar;C:\Users\Abirami\.m2\repository\org\assertj\assertj-core\2.6.0\assertj-core-2.6.0.jar;C:\Users\Abirami\.m2\repository\org\mockito\mockito-core\1.10.19\mockito-core-1.10.19.jar;C:\Users\Abirami\.m2\repository\org\objenesis\objenesis\2.1\objenesis-2.1.jar;C:\Users\Abirami\.m2\repository\org\hamcrest\hamcrest-core\1.3\hamcrest-core-1.3.jar;C:\Users\Abirami\.m2\repository\org\hamcrest\hamcrest-library\1.3\hamcrest-library-1.3.jar;C:\Users\Abirami\.m2\repository\org\skyscreamer\jsonassert\1.4.0\jsonassert-1.4.0.jar;C:\Users\Abirami\.m2\repository\com\vaadin\external\google\android-json\0.0.20131108.vaadin1\android-json-0.0.20131108.vaadin1.jar;C:\Users\Abirami\.m2\repository\org\springframework\spring-core\4.3.24.RELEASE\spring-core-4.3.24.RELEASE.jar;C:\Users\Abirami\.m2\repository\org\springframework\spring-test\4.3.24.RELEASE\spring-test-4.3.24.RELEASE.jar;, java.specification.name=Java Platform API Specification, java.class.version=52.0, sun.management.compiler=HotSpot 64-Bit Tiered Compilers, os.version=10.0, user.home=C:\Users\Abirami, user.timezone=Asia/Calcutta, java.awt.printerjob=sun.awt.windows.WPrinterJob, file.encoding=Cp1252, java.specification.version=1.8, java.class.path=E:\Spring\spring-tool-suite-3.9.8.RELEASE-e4.11.0-win32-x86_64\sts-bundle\sts-3.9.8.RELEASE\employee\target\test-classes;E:\Spring\spring-tool-suite-3.9.8.RELEASE-e4.11.0-win32-x86_64\sts-bundle\sts-3.9.8.RELEASE\employee\target\classes;C:\Users\Abirami\.m2\repository\org\springframework\boot\spring-boot-starter-data-jpa\1.5.21.RELEASE\spring-boot-starter-data-jpa-1.5.21.RELEASE.jar;C:\Users\Abirami\.m2\repository\org\springframework\boot\spring-boot-starter\1.5.21.RELEASE\spring-boot-starter-1.5.21.RELEASE.jar;C:\Users\Abirami\.m2\repository\org\springframework\boot\spring-boot\1.5.21.RELEASE\spring-boot-1.5.21.RELEASE.jar;C:\Users\Abirami\.m2\repository\org\springframework\boot\spring-boot-autoconfigure\1.5.21.RELEASE\spring-boot-autoconfigure-1.5.21.RELEASE.jar;C:\Users\Abirami\.m2\repository\org\springframework\boot\spring-boot-starter-logging\1.5.21.RELEASE\spring-boot-starter-logging-1.5.21.RELEASE.jar;C:\Users\Abirami\.m2\repository\ch\qos\logback\logback-classic\1.1.11\logback-classic-1.1.11.jar;C:\Users\Abirami\.m2\repository\ch\qos\logback\logback-core\1.1.11\logback-core-1.1.11.jar;C:\Users\Abirami\.m2\repository\org\slf4j\jul-to-slf4j\1.7.26\jul-to-slf4j-1.7.26.jar;C:\Users\Abirami\.m2\repository\org\slf4j\log4j-over-slf4j\1.7.26\log4j-over-slf4j-1.7.26.jar;C:\Users\Abirami\.m2\repository\org\yaml\snakeyaml\1.17\snakeyaml-1.17.jar;C:\Users\Abirami\.m2\repository\org\springframework\boot\spring-boot-starter-aop\1.5.21.RELEASE\spring-boot-starter-aop-1.5.21.RELEASE.jar;C:\Users\Abirami\.m2\repository\org\springframework\spring-aop\4.3.24.RELEASE\spring-aop-4.3.24.RELEASE.jar;C:\Users\Abirami\.m2\repository\org\aspectj\aspectjweaver\1.8.14\aspectjweaver-1.8.14.jar;C:\Users\Abirami\.m2\repository\org\springframework\boot\spring-boot-starter-jdbc\1.5.21.RELEASE\spring-boot-starter-jdbc-1.5.21.RELEASE.jar;C:\Users\Abirami\.m2\repository\org\apache\tomcat\tomcat-jdbc\8.5.40\tomcat-jdbc-8.5.40.jar;C:\Users\Abirami\.m2\repository\org\apache\tomcat\tomcat-juli\8.5.40\tomcat-juli-8.5.40.jar;C:\Users\Abirami\.m2\repository\org\springframework\spring-jdbc\4.3.24.RELEASE\spring-jdbc-4.3.24.RELEASE.jar;C:\Users\Abirami\.m2\repository\org\hibernate\hibernate-entitymanager\5.0.12.Final\hibernate-entitymanager-5.0.12.Final.jar;C:\Users\Abirami\.m2\repository\javax\transaction\javax.transaction-api\1.2\javax.transaction-api-1.2.jar;C:\Users\Abirami\.m2\repository\org\springframework\data\spring-data-jpa\1.11.22.RELEASE\spring-data-jpa-1.11.22.RELEASE.jar;C:\Users\Abirami\.m2\repository\org\springframework\data\spring-data-commons\1.13.22.RELEASE\spring-data-commons-1.13.22.RELEASE.jar;C:\Users\Abirami\.m2\repository\org\springframework\spring-orm\4.3.24.RELEASE\spring-orm-4.3.24.RELEASE.jar;C:\Users\Abirami\.m2\repository\org\springframework\spring-context\4.3.24.RELEASE\spring-context-4.3.24.RELEASE.jar;C:\Users\Abirami\.m2\repository\org\springframework\spring-tx\4.3.24.RELEASE\spring-tx-4.3.24.RELEASE.jar;C:\Users\Abirami\.m2\repository\org\springframework\spring-beans\4.3.24.RELEASE\spring-beans-4.3.24.RELEASE.jar;C:\Users\Abirami\.m2\repository\org\slf4j\slf4j-api\1.7.26\slf4j-api-1.7.26.jar;C:\Users\Abirami\.m2\repository\org\slf4j\jcl-over-slf4j\1.7.26\jcl-over-slf4j-1.7.26.jar;C:\Users\Abirami\.m2\repository\org\springframework\spring-aspects\4.3.24.RELEASE\spring-aspects-4.3.24.RELEASE.jar;C:\Users\Abirami\.m2\repository\org\springframework\boot\spring-boot-starter-web\1.5.21.RELEASE\spring-boot-starter-web-1.5.21.RELEASE.jar;C:\Users\Abirami\.m2\repository\org\springframework\boot\spring-boot-starter-tomcat\1.5.21.RELEASE\spring-boot-starter-tomcat-1.5.21.RELEASE.jar;C:\Users\Abirami\.m2\repository\org\apache\tomcat\embed\tomcat-embed-core\8.5.40\tomcat-embed-core-8.5.40.jar;C:\Users\Abirami\.m2\repository\org\apache\tomcat\tomcat-annotations-api\8.5.40\tomcat-annotations-api-8.5.40.jar;C:\Users\Abirami\.m2\repository\org\apache\tomcat\embed\tomcat-embed-el\8.5.40\tomcat-embed-el-8.5.40.jar;C:\Users\Abirami\.m2\repository\org\apache\tomcat\embed\tomcat-embed-websocket\8.5.40\tomcat-embed-websocket-8.5.40.jar;C:\Users\Abirami\.m2\repository\org\hibernate\hibernate-validator\5.3.6.Final\hibernate-validator-5.3.6.Final.jar;C:\Users\Abirami\.m2\repository\javax\validation\validation-api\1.1.0.Final\validation-api-1.1.0.Final.jar;C:\Users\Abirami\.m2\repository\com\fasterxml\classmate\1.3.4\classmate-1.3.4.jar;C:\Users\Abirami\.m2\repository\com\fasterxml\jackson\core\jackson-databind\2.8.11.3\jackson-databind-2.8.11.3.jar;C:\Users\Abirami\.m2\repository\com\fasterxml\jackson\core\jackson-annotations\2.8.0\jackson-annotations-2.8.0.jar;C:\Users\Abirami\.m2\repository\com\fasterxml\jackson\core\jackson-core\2.8.11\jackson-core-2.8.11.jar;C:\Users\Abirami\.m2\repository\org\springframework\spring-web\4.3.24.RELEASE\spring-web-4.3.24.RELEASE.jar;C:\Users\Abirami\.m2\repository\org\springframework\spring-webmvc\4.3.24.RELEASE\spring-webmvc-4.3.24.RELEASE.jar;C:\Users\Abirami\.m2\repository\org\springframework\spring-expression\4.3.24.RELEASE\spring-expression-4.3.24.RELEASE.jar;C:\Users\Abirami\.m2\repository\mysql\mysql-connector-java\5.1.47\mysql-connector-java-5.1.47.jar;C:\Users\Abirami\.m2\repository\org\hibernate\hibernate-core\5.0.12.Final\hibernate-core-5.0.12.Final.jar;C:\Users\Abirami\.m2\repository\org\jboss\logging\jboss-logging\3.3.2.Final\jboss-logging-3.3.2.Final.jar;C:\Users\Abirami\.m2\repository\org\hibernate\javax\persistence\hibernate-jpa-2.1-api\1.0.0.Final\hibernate-jpa-2.1-api-1.0.0.Final.jar;C:\Users\Abirami\.m2\repository\org\javassist\javassist\3.21.0-GA\javassist-3.21.0-GA.jar;C:\Users\Abirami\.m2\repository\antlr\antlr\2.7.7\antlr-2.7.7.jar;C:\Users\Abirami\.m2\repository\org\apache\geronimo\specs\geronimo-jta_1.1_spec\1.1.1\geronimo-jta_1.1_spec-1.1.1.jar;C:\Users\Abirami\.m2\repository\org\jboss\jandex\2.0.0.Final\jandex-2.0.0.Final.jar;C:\Users\Abirami\.m2\repository\dom4j\dom4j\1.6.1\dom4j-1.6.1.jar;C:\Users\Abirami\.m2\repository\org\hibernate\common\hibernate-commons-annotations\5.0.1.Final\hibernate-commons-annotations-5.0.1.Final.jar;C:\Users\Abirami\.m2\repository\org\springframework\boot\spring-boot-starter-test\1.5.21.RELEASE\spring-boot-starter-test-1.5.21.RELEASE.jar;C:\Users\Abirami\.m2\repository\org\springframework\boot\spring-boot-test\1.5.21.RELEASE\spring-boot-test-1.5.21.RELEASE.jar;C:\Users\Abirami\.m2\repository\org\springframework\boot\spring-boot-test-autoconfigure\1.5.21.RELEASE\spring-boot-test-autoconfigure-1.5.21.RELEASE.jar;C:\Users\Abirami\.m2\repository\com\jayway\jsonpath\json-path\2.2.0\json-path-2.2.0.jar;C:\Users\Abirami\.m2\repository\net\minidev\json-smart\2.2.1\json-smart-2.2.1.jar;C:\Users\Abirami\.m2\repository\net\minidev\accessors-smart\1.1\accessors-smart-1.1.jar;C:\Users\Abirami\.m2\repository\org\ow2\asm\asm\5.0.3\asm-5.0.3.jar;C:\Users\Abirami\.m2\repository\junit\junit\4.12\junit-4.12.jar;C:\Users\Abirami\.m2\repository\org\assertj\assertj-core\2.6.0\assertj-core-2.6.0.jar;C:\Users\Abirami\.m2\repository\org\mockito\mockito-core\1.10.19\mockito-core-1.10.19.jar;C:\Users\Abirami\.m2\repository\org\objenesis\objenesis\2.1\objenesis-2.1.jar;C:\Users\Abirami\.m2\repository\org\hamcrest\hamcrest-core\1.3\hamcrest-core-1.3.jar;C:\Users\Abirami\.m2\repository\org\hamcrest\hamcrest-library\1.3\hamcrest-library-1.3.jar;C:\Users\Abirami\.m2\repository\org\skyscreamer\jsonassert\1.4.0\jsonassert-1.4.0.jar;C:\Users\Abirami\.m2\repository\com\vaadin\external\google\android-json\0.0.20131108.vaadin1\android-json-0.0.20131108.vaadin1.jar;C:\Users\Abirami\.m2\repository\org\springframework\spring-core\4.3.24.RELEASE\spring-core-4.3.24.RELEASE.jar;C:\Users\Abirami\.m2\repository\org\springframework\spring-test\4.3.24.RELEASE\spring-test-4.3.24.RELEASE.jar;, user.name=Abirami, java.vm.specification.version=1.8, sun.java.command=E:\Spring\spring-tool-suite-3.9.8.RELEASE-e4.11.0-win32-x86_64\sts-bundle\sts-3.9.8.RELEASE\employee\target\surefire\surefirebooter6507824661814399842.jar E:\Spring\spring-tool-suite-3.9.8.RELEASE-e4.11.0-win32-x86_64\sts-bundle\sts-3.9.8.RELEASE\employee\target\surefire\surefire7419455065870588344tmp E:\Spring\spring-tool-suite-3.9.8.RELEASE-e4.11.0-win32-x86_64\sts-bundle\sts-3.9.8.RELEASE\employee\target\surefire\surefire_07337000787546281729tmp, java.home=C:\Program Files\Java\jdk1.8.0_201\jre, sun.arch.data.model=64, user.language=en, java.specification.vendor=Oracle Corporation, awt.toolkit=sun.awt.windows.WToolkit, java.vm.info=mixed mode, java.version=1.8.0_201, java.ext.dirs=C:\Program Files\Java\jdk1.8.0_201\jre\lib\ext;C:\WINDOWS\Sun\Java\lib\ext, sun.boot.class.path=C:\Program Files\Java\jdk1.8.0_201\jre\lib\resources.jar;C:\Program Files\Java\jdk1.8.0_201\jre\lib\rt.jar;C:\Program Files\Java\jdk1.8.0_201\jre\lib\sunrsasign.jar;C:\Program Files\Java\jdk1.8.0_201\jre\lib\jsse.jar;C:\Program Files\Java\jdk1.8.0_201\jre\lib\jce.jar;C:\Program Files\Java\jdk1.8.0_201\jre\lib\charsets.jar;C:\Program Files\Java\jdk1.8.0_201\jre\lib\jfr.jar;C:\Program Files\Java\jdk1.8.0_201\jre\classes, java.vendor=Oracle Corporation, localRepository=C:\Users\Abirami\.m2\repository, file.separator=\, java.vendor.url.bug=http://bugreport.sun.com/bugreport/, sun.io.unicode.encoding=UnicodeLittle, sun.cpu.endian=little, sun.desktop=windows, sun.cpu.isalist=amd64}}, SystemEnvironmentPropertySource@1325808650 {name='systemEnvironment', properties={PATH=C:/Program Files/Java/jdk1.8.0_201/bin/../jre/bin/server;C:/Program Files/Java/jdk1.8.0_201/bin/../jre/bin;C:/Program Files/Java/jdk1.8.0_201/bin/../jre/lib/amd64;C:\WINDOWS\System32;C:\Users\Abirami\AppData\Local\Programs\Python\Python37-32\Scripts\;C:\Users\Abirami\AppData\Local\Programs\Python\Python37-32\;C:\Program Files\Java\jdk1.8.0_201\bin\;C:\Program Files\MySQL\MySQL Server 8.0\bin\;C:\Program Files\MySQL\MySQL Shell 8.0\bin;;C:\Program Files\JetBrains\PyCharm Community Edition 2019.2.4\bin;;E:\Spring\spring-tool-suite-3.9.8.RELEASE-e4.11.0-win32-x86_64\sts-bundle\sts-3.9.8.RELEASE;, PYCHARM COMMUNITY EDITION=C:\Program Files\JetBrains\PyCharm Community Edition 2019.2.4\bin;, USERDOMAIN_ROAMINGPROFILE=LAPTOP-FABAOP2L, LOCALAPPDATA=C:\Users\Abirami\AppData\Local, PROCESSOR_LEVEL=6, SYSTEMDRIVE=C:, EASYPLUSSDK="C:\Program Files (x86)\Common Files\lenovo\easyplussdk\bin", COMMONPROGRAMFILES(X86)=C:\Program Files (x86)\Common Files, USERDOMAIN=LAPTOP-FABAOP2L, FPS_BROWSER_APP_PROFILE_STRING=Internet Explorer, LOGONSERVER=\\LAPTOP-FABAOP2L, PROMPT=$P$G, SESSIONNAME=Console, ALLUSERSPROFILE=C:\ProgramData, PROGRAMFILES(X86)=C:\Program Files (x86), PROCESSOR_ARCHITECTURE=AMD64, DRIVERDATA=C:\Windows\System32\Drivers\DriverData, =E:=E:\Spring\spring-tool-suite-3.9.8.RELEASE-e4.11.0-win32-x86_64\sts-bundle\sts-3.9.8.RELEASE\employee, PROGRAMFILES=C:\Program Files, =C:=C:\, APPDATA=C:\Users\Abirami\AppData\Roaming, MOZ_PLUGIN_PATH=C:\Program Files (x86)\Foxit Software\Foxit Reader\plugins\, PSMODULEPATH=C:\WINDOWS\system32\WindowsPowerShell\v1.0\Modules\, PROGRAMW6432=C:\Program Files, PROGRAMDATA=C:\ProgramData, SYSTEMROOT=C:\WINDOWS, USERNAME=Abirami, FPS_BROWSER_USER_PROFILE_STRING=Default, ONEDRIVE=C:\Users\Abirami\OneDrive, CONFIGSETROOT=C:\WINDOWS\ConfigSetRoot, PATHEXT=.COM;.EXE;.BAT;.CMD;.VBS;.VBE;.JS;.JSE;.WSF;.WSH;.MSC, OS=Windows_NT, COMMONPROGRAMW6432=C:\Program Files\Common Files, COMPUTERNAME=LAPTOP-FABAOP2L, COMMONPROGRAMFILES=C:\Program Files\Common Files, COMSPEC=C:\WINDOWS\system32\cmd.exe, PROCESSOR_REVISION=3d04, WINDIR=C:\WINDOWS, HOMEPATH=\Users\Abirami, TEMP=C:\Users\Abirami\AppData\Local\Temp, HOMEDRIVE=C:, PROCESSOR_IDENTIFIER=Intel64 Family 6 Model 61 Stepping 4, GenuineIntel, USERPROFILE=C:\Users\Abirami, TMP=C:\Users\Abirami\AppData\Local\Temp, PUBLIC=C:\Users\Public, NUMBER_OF_PROCESSORS=4, =::=::\}}]
19:44:26.368 [main] DEBUG org.springframework.core.io.support.PathMatchingResourcePatternResolver - Resolved classpath location [com/example/demoabi/] to resources [URL [file:/E:/Spring/spring-tool-suite-3.9.8.RELEASE-e4.11.0-win32-x86_64/sts-bundle/sts-3.9.8.RELEASE/employee/target/test-classes/com/example/demoabi/]]
19:44:26.369 [main] DEBUG org.springframework.core.io.support.PathMatchingResourcePatternResolver - Looking for matching resources in directory tree [E:\Spring\spring-tool-suite-3.9.8.RELEASE-e4.11.0-win32-x86_64\sts-bundle\sts-3.9.8.RELEASE\employee\target\test-classes\com\example\demoabi]
19:44:26.370 [main] DEBUG org.springframework.core.io.support.PathMatchingResourcePatternResolver - Searching directory [E:\Spring\spring-tool-suite-3.9.8.RELEASE-e4.11.0-win32-x86_64\sts-bundle\sts-3.9.8.RELEASE\employee\target\test-classes\com\example\demoabi] for files matching pattern [E:/Spring/spring-tool-suite-3.9.8.RELEASE-e4.11.0-win32-x86_64/sts-bundle/sts-3.9.8.RELEASE/employee/target/test-classes/com/example/demoabi/*.class]
19:44:26.379 [main] DEBUG org.springframework.core.io.support.PathMatchingResourcePatternResolver - Resolved location pattern [classpath*:com/example/demoabi/*.class] to resources [file [E:\Spring\spring-tool-suite-3.9.8.RELEASE-e4.11.0-win32-x86_64\sts-bundle\sts-3.9.8.RELEASE\employee\target\test-classes\com\example\demoabi\DemoabiApplicationTests.class]]
19:44:26.409 [main] DEBUG org.springframework.core.io.support.PathMatchingResourcePatternResolver - Resolved classpath location [com/example/] to resources [URL [file:/E:/Spring/spring-tool-suite-3.9.8.RELEASE-e4.11.0-win32-x86_64/sts-bundle/sts-3.9.8.RELEASE/employee/target/test-classes/com/example/]]
19:44:26.409 [main] DEBUG org.springframework.core.io.support.PathMatchingResourcePatternResolver - Looking for matching resources in directory tree [E:\Spring\spring-tool-suite-3.9.8.RELEASE-e4.11.0-win32-x86_64\sts-bundle\sts-3.9.8.RELEASE\employee\target\test-classes\com\example]
19:44:26.409 [main] DEBUG org.springframework.core.io.support.PathMatchingResourcePatternResolver - Searching directory [E:\Spring\spring-tool-suite-3.9.8.RELEASE-e4.11.0-win32-x86_64\sts-bundle\sts-3.9.8.RELEASE\employee\target\test-classes\com\example] for files matching pattern [E:/Spring/spring-tool-suite-3.9.8.RELEASE-e4.11.0-win32-x86_64/sts-bundle/sts-3.9.8.RELEASE/employee/target/test-classes/com/example/*.class]
19:44:26.410 [main] DEBUG org.springframework.core.io.support.PathMatchingResourcePatternResolver - Resolved location pattern [classpath*:com/example/*.class] to resources []
19:44:26.412 [main] DEBUG org.springframework.core.io.support.PathMatchingResourcePatternResolver - Resolved classpath location [com/] to resources [URL [file:/E:/Spring/spring-tool-suite-3.9.8.RELEASE-e4.11.0-win32-x86_64/sts-bundle/sts-3.9.8.RELEASE/employee/target/test-classes/com/], URL [jar:file:/C:/Users/Abirami/.m2/repository/com/fasterxml/classmate/1.3.4/classmate-1.3.4.jar!/com/], URL [jar:file:/C:/Users/Abirami/.m2/repository/com/fasterxml/jackson/core/jackson-databind/2.8.11.3/jackson-databind-2.8.11.3.jar!/com/], URL [jar:file:/C:/Users/Abirami/.m2/repository/com/fasterxml/jackson/core/jackson-annotations/2.8.0/jackson-annotations-2.8.0.jar!/com/], URL [jar:file:/C:/Users/Abirami/.m2/repository/com/fasterxml/jackson/core/jackson-core/2.8.11/jackson-core-2.8.11.jar!/com/], URL [jar:file:/C:/Users/Abirami/.m2/repository/mysql/mysql-connector-java/5.1.47/mysql-connector-java-5.1.47.jar!/com/], URL [jar:file:/C:/Users/Abirami/.m2/repository/com/jayway/jsonpath/json-path/2.2.0/json-path-2.2.0.jar!/com/]]
19:44:26.412 [main] DEBUG org.springframework.core.io.support.PathMatchingResourcePatternResolver - Looking for matching resources in directory tree [E:\Spring\spring-tool-suite-3.9.8.RELEASE-e4.11.0-win32-x86_64\sts-bundle\sts-3.9.8.RELEASE\employee\target\test-classes\com]
19:44:26.412 [main] DEBUG org.springframework.core.io.support.PathMatchingResourcePatternResolver - Searching directory [E:\Spring\spring-tool-suite-3.9.8.RELEASE-e4.11.0-win32-x86_64\sts-bundle\sts-3.9.8.RELEASE\employee\target\test-classes\com] for files matching pattern [E:/Spring/spring-tool-suite-3.9.8.RELEASE-e4.11.0-win32-x86_64/sts-bundle/sts-3.9.8.RELEASE/employee/target/test-classes/com/*.class]
19:44:26.414 [main] DEBUG org.springframework.core.io.support.PathMatchingResourcePatternResolver - Looking for matching resources in jar file [file:/C:/Users/Abirami/.m2/repository/com/fasterxml/classmate/1.3.4/classmate-1.3.4.jar]
19:44:26.416 [main] DEBUG org.springframework.core.io.support.PathMatchingResourcePatternResolver - Looking for matching resources in jar file [file:/C:/Users/Abirami/.m2/repository/com/fasterxml/jackson/core/jackson-databind/2.8.11.3/jackson-databind-2.8.11.3.jar]
19:44:26.435 [main] DEBUG org.springframework.core.io.support.PathMatchingResourcePatternResolver - Looking for matching resources in jar file [file:/C:/Users/Abirami/.m2/repository/com/fasterxml/jackson/core/jackson-annotations/2.8.0/jackson-annotations-2.8.0.jar]
19:44:26.438 [main] DEBUG org.springframework.core.io.support.PathMatchingResourcePatternResolver - Looking for matching resources in jar file [file:/C:/Users/Abirami/.m2/repository/com/fasterxml/jackson/core/jackson-core/2.8.11/jackson-core-2.8.11.jar]
19:44:26.443 [main] DEBUG org.springframework.core.io.support.PathMatchingResourcePatternResolver - Looking for matching resources in jar file [file:/C:/Users/Abirami/.m2/repository/mysql/mysql-connector-java/5.1.47/mysql-connector-java-5.1.47.jar]
19:44:26.446 [main] DEBUG org.springframework.core.io.support.PathMatchingResourcePatternResolver - Looking for matching resources in jar file [file:/C:/Users/Abirami/.m2/repository/com/jayway/jsonpath/json-path/2.2.0/json-path-2.2.0.jar]
19:44:26.448 [main] DEBUG org.springframework.core.io.support.PathMatchingResourcePatternResolver - Resolved location pattern [classpath*:com/*.class] to resources []
19:44:26.466 [main] DEBUG org.springframework.test.context.junit4.SpringJUnit4ClassRunner - SpringJUnit4ClassRunner constructor called with [class com.example.demoabi.DemoabiApplicationTests]
19:44:26.468 [main] DEBUG org.springframework.test.context.BootstrapUtils - Instantiating CacheAwareContextLoaderDelegate from class [org.springframework.test.context.cache.DefaultCacheAwareContextLoaderDelegate]
19:44:26.470 [main] DEBUG org.springframework.test.context.BootstrapUtils - Instantiating BootstrapContext using constructor [public org.springframework.test.context.support.DefaultBootstrapContext(java.lang.Class,org.springframework.test.context.CacheAwareContextLoaderDelegate)]
19:44:26.472 [main] DEBUG org.springframework.test.context.BootstrapUtils - Instantiating TestContextBootstrapper for test class [com.example.demoabi.DemoabiApplicationTests] from class [org.springframework.boot.test.context.SpringBootTestContextBootstrapper]
19:44:26.475 [main] INFO org.springframework.boot.test.context.SpringBootTestContextBootstrapper - Neither @ContextConfiguration nor @ContextHierarchy found for test class [com.example.demoabi.DemoabiApplicationTests], using SpringBootContextLoader
19:44:26.486 [main] DEBUG org.springframework.test.context.support.AbstractContextLoader - Did not detect default resource location for test class [com.example.demoabi.DemoabiApplicationTests]: class path resource [com/example/demoabi/DemoabiApplicationTests-context.xml] does not exist
19:44:26.487 [main] DEBUG org.springframework.test.context.support.AbstractContextLoader - Did not detect default resource location for test class [com.example.demoabi.DemoabiApplicationTests]: class path resource [com/example/demoabi/DemoabiApplicationTestsContext.groovy] does not exist
19:44:26.489 [main] INFO org.springframework.test.context.support.AbstractContextLoader - Could not detect default resource locations for test class [com.example.demoabi.DemoabiApplicationTests]: no resource found for suffixes {-context.xml, Context.groovy}.
19:44:26.489 [main] INFO org.springframework.test.context.support.AnnotationConfigContextLoaderUtils - Could not detect default configuration classes for test class [com.example.demoabi.DemoabiApplicationTests]: DemoabiApplicationTests does not declare any static, non-private, non-final, nested classes annotated with @Configuration.
19:44:26.499 [main] DEBUG org.springframework.test.context.support.ActiveProfilesUtils - Could not find an 'annotation declaring class' for annotation type [org.springframework.test.context.ActiveProfiles] and class [com.example.demoabi.DemoabiApplicationTests]
19:44:26.500 [main] DEBUG org.springframework.core.env.StandardEnvironment - Adding PropertySource 'systemProperties' with lowest search precedence
19:44:26.500 [main] DEBUG org.springframework.core.env.StandardEnvironment - Adding PropertySource 'systemEnvironment' with lowest search precedence
19:44:26.501 [main] DEBUG org.springframework.core.env.StandardEnvironment - Initialized StandardEnvironment with PropertySources [MapPropertySource@1728790703 {name='systemProperties', properties={java.runtime.name=Java(TM) SE Runtime Environment, sun.boot.library.path=C:\Program Files\Java\jdk1.8.0_201\jre\bin, java.vm.version=25.201-b09, java.vm.vendor=Oracle Corporation, java.vendor.url=http://java.oracle.com/, path.separator=;, java.vm.name=Java HotSpot(TM) 64-Bit Server VM, file.encoding.pkg=sun.io, user.country=IN, user.script=, sun.java.launcher=SUN_STANDARD, sun.os.patch.level=, java.vm.specification.name=Java Virtual Machine Specification, user.dir=E:\Spring\spring-tool-suite-3.9.8.RELEASE-e4.11.0-win32-x86_64\sts-bundle\sts-3.9.8.RELEASE\employee, java.runtime.version=1.8.0_201-b09, basedir=E:\Spring\spring-tool-suite-3.9.8.RELEASE-e4.11.0-win32-x86_64\sts-bundle\sts-3.9.8.RELEASE\employee, java.awt.graphicsenv=sun.awt.Win32GraphicsEnvironment, java.endorsed.dirs=C:\Program Files\Java\jdk1.8.0_201\jre\lib\endorsed, os.arch=amd64, surefire.real.class.path=E:\Spring\spring-tool-suite-3.9.8.RELEASE-e4.11.0-win32-x86_64\sts-bundle\sts-3.9.8.RELEASE\employee\target\surefire\surefirebooter6507824661814399842.jar, java.io.tmpdir=C:\Users\Abirami\AppData\Local\Temp\, line.separator=
, java.vm.specification.vendor=Oracle Corporation, user.variant=, os.name=Windows 10, sun.jnu.encoding=Cp1252, java.library.path=C:\Program Files\Java\jdk1.8.0_201\jre\bin;C:\WINDOWS\Sun\Java\bin;C:\WINDOWS\system32;C:\WINDOWS;C:/Program Files/Java/jdk1.8.0_201/bin/../jre/bin/server;C:/Program Files/Java/jdk1.8.0_201/bin/../jre/bin;C:/Program Files/Java/jdk1.8.0_201/bin/../jre/lib/amd64;C:\WINDOWS\System32;C:\Users\Abirami\AppData\Local\Programs\Python\Python37-32\Scripts\;C:\Users\Abirami\AppData\Local\Programs\Python\Python37-32\;C:\Program Files\Java\jdk1.8.0_201\bin\;C:\Program Files\MySQL\MySQL Server 8.0\bin\;C:\Program Files\MySQL\MySQL Shell 8.0\bin;;C:\Program Files\JetBrains\PyCharm Community Edition 2019.2.4\bin;;E:\Spring\spring-tool-suite-3.9.8.RELEASE-e4.11.0-win32-x86_64\sts-bundle\sts-3.9.8.RELEASE;;., surefire.test.class.path=E:\Spring\spring-tool-suite-3.9.8.RELEASE-e4.11.0-win32-x86_64\sts-bundle\sts-3.9.8.RELEASE\employee\target\test-classes;E:\Spring\spring-tool-suite-3.9.8.RELEASE-e4.11.0-win32-x86_64\sts-bundle\sts-3.9.8.RELEASE\employee\target\classes;C:\Users\Abirami\.m2\repository\org\springframework\boot\spring-boot-starter-data-jpa\1.5.21.RELEASE\spring-boot-starter-data-jpa-1.5.21.RELEASE.jar;C:\Users\Abirami\.m2\repository\org\springframework\boot\spring-boot-starter\1.5.21.RELEASE\spring-boot-starter-1.5.21.RELEASE.jar;C:\Users\Abirami\.m2\repository\org\springframework\boot\spring-boot\1.5.21.RELEASE\spring-boot-1.5.21.RELEASE.jar;C:\Users\Abirami\.m2\repository\org\springframework\boot\spring-boot-autoconfigure\1.5.21.RELEASE\spring-boot-autoconfigure-1.5.21.RELEASE.jar;C:\Users\Abirami\.m2\repository\org\springframework\boot\spring-boot-starter-logging\1.5.21.RELEASE\spring-boot-starter-logging-1.5.21.RELEASE.jar;C:\Users\Abirami\.m2\repository\ch\qos\logback\logback-classic\1.1.11\logback-classic-1.1.11.jar;C:\Users\Abirami\.m2\repository\ch\qos\logback\logback-core\1.1.11\logback-core-1.1.11.jar;C:\Users\Abirami\.m2\repository\org\slf4j\jul-to-slf4j\1.7.26\jul-to-slf4j-1.7.26.jar;C:\Users\Abirami\.m2\repository\org\slf4j\log4j-over-slf4j\1.7.26\log4j-over-slf4j-1.7.26.jar;C:\Users\Abirami\.m2\repository\org\yaml\snakeyaml\1.17\snakeyaml-1.17.jar;C:\Users\Abirami\.m2\repository\org\springframework\boot\spring-boot-starter-aop\1.5.21.RELEASE\spring-boot-starter-aop-1.5.21.RELEASE.jar;C:\Users\Abirami\.m2\repository\org\springframework\spring-aop\4.3.24.RELEASE\spring-aop-4.3.24.RELEASE.jar;C:\Users\Abirami\.m2\repository\org\aspectj\aspectjweaver\1.8.14\aspectjweaver-1.8.14.jar;C:\Users\Abirami\.m2\repository\org\springframework\boot\spring-boot-starter-jdbc\1.5.21.RELEASE\spring-boot-starter-jdbc-1.5.21.RELEASE.jar;C:\Users\Abirami\.m2\repository\org\apache\tomcat\tomcat-jdbc\8.5.40\tomcat-jdbc-8.5.40.jar;C:\Users\Abirami\.m2\repository\org\apache\tomcat\tomcat-juli\8.5.40\tomcat-juli-8.5.40.jar;C:\Users\Abirami\.m2\repository\org\springframework\spring-jdbc\4.3.24.RELEASE\spring-jdbc-4.3.24.RELEASE.jar;C:\Users\Abirami\.m2\repository\org\hibernate\hibernate-entitymanager\5.0.12.Final\hibernate-entitymanager-5.0.12.Final.jar;C:\Users\Abirami\.m2\repository\javax\transaction\javax.transaction-api\1.2\javax.transaction-api-1.2.jar;C:\Users\Abirami\.m2\repository\org\springframework\data\spring-data-jpa\1.11.22.RELEASE\spring-data-jpa-1.11.22.RELEASE.jar;C:\Users\Abirami\.m2\repository\org\springframework\data\spring-data-commons\1.13.22.RELEASE\spring-data-commons-1.13.22.RELEASE.jar;C:\Users\Abirami\.m2\repository\org\springframework\spring-orm\4.3.24.RELEASE\spring-orm-4.3.24.RELEASE.jar;C:\Users\Abirami\.m2\repository\org\springframework\spring-context\4.3.24.RELEASE\spring-context-4.3.24.RELEASE.jar;C:\Users\Abirami\.m2\repository\org\springframework\spring-tx\4.3.24.RELEASE\spring-tx-4.3.24.RELEASE.jar;C:\Users\Abirami\.m2\repository\org\springframework\spring-beans\4.3.24.RELEASE\spring-beans-4.3.24.RELEASE.jar;C:\Users\Abirami\.m2\repository\org\slf4j\slf4j-api\1.7.26\slf4j-api-1.7.26.jar;C:\Users\Abirami\.m2\repository\org\slf4j\jcl-over-slf4j\1.7.26\jcl-over-slf4j-1.7.26.jar;C:\Users\Abirami\.m2\repository\org\springframework\spring-aspects\4.3.24.RELEASE\spring-aspects-4.3.24.RELEASE.jar;C:\Users\Abirami\.m2\repository\org\springframework\boot\spring-boot-starter-web\1.5.21.RELEASE\spring-boot-starter-web-1.5.21.RELEASE.jar;C:\Users\Abirami\.m2\repository\org\springframework\boot\spring-boot-starter-tomcat\1.5.21.RELEASE\spring-boot-starter-tomcat-1.5.21.RELEASE.jar;C:\Users\Abirami\.m2\repository\org\apache\tomcat\embed\tomcat-embed-core\8.5.40\tomcat-embed-core-8.5.40.jar;C:\Users\Abirami\.m2\repository\org\apache\tomcat\tomcat-annotations-api\8.5.40\tomcat-annotations-api-8.5.40.jar;C:\Users\Abirami\.m2\repository\org\apache\tomcat\embed\tomcat-embed-el\8.5.40\tomcat-embed-el-8.5.40.jar;C:\Users\Abirami\.m2\repository\org\apache\tomcat\embed\tomcat-embed-websocket\8.5.40\tomcat-embed-websocket-8.5.40.jar;C:\Users\Abirami\.m2\repository\org\hibernate\hibernate-validator\5.3.6.Final\hibernate-validator-5.3.6.Final.jar;C:\Users\Abirami\.m2\repository\javax\validation\validation-api\1.1.0.Final\validation-api-1.1.0.Final.jar;C:\Users\Abirami\.m2\repository\com\fasterxml\classmate\1.3.4\classmate-1.3.4.jar;C:\Users\Abirami\.m2\repository\com\fasterxml\jackson\core\jackson-databind\2.8.11.3\jackson-databind-2.8.11.3.jar;C:\Users\Abirami\.m2\repository\com\fasterxml\jackson\core\jackson-annotations\2.8.0\jackson-annotations-2.8.0.jar;C:\Users\Abirami\.m2\repository\com\fasterxml\jackson\core\jackson-core\2.8.11\jackson-core-2.8.11.jar;C:\Users\Abirami\.m2\repository\org\springframework\spring-web\4.3.24.RELEASE\spring-web-4.3.24.RELEASE.jar;C:\Users\Abirami\.m2\repository\org\springframework\spring-webmvc\4.3.24.RELEASE\spring-webmvc-4.3.24.RELEASE.jar;C:\Users\Abirami\.m2\repository\org\springframework\spring-expression\4.3.24.RELEASE\spring-expression-4.3.24.RELEASE.jar;C:\Users\Abirami\.m2\repository\mysql\mysql-connector-java\5.1.47\mysql-connector-java-5.1.47.jar;C:\Users\Abirami\.m2\repository\org\hibernate\hibernate-core\5.0.12.Final\hibernate-core-5.0.12.Final.jar;C:\Users\Abirami\.m2\repository\org\jboss\logging\jboss-logging\3.3.2.Final\jboss-logging-3.3.2.Final.jar;C:\Users\Abirami\.m2\repository\org\hibernate\javax\persistence\hibernate-jpa-2.1-api\1.0.0.Final\hibernate-jpa-2.1-api-1.0.0.Final.jar;C:\Users\Abirami\.m2\repository\org\javassist\javassist\3.21.0-GA\javassist-3.21.0-GA.jar;C:\Users\Abirami\.m2\repository\antlr\antlr\2.7.7\antlr-2.7.7.jar;C:\Users\Abirami\.m2\repository\org\apache\geronimo\specs\geronimo-jta_1.1_spec\1.1.1\geronimo-jta_1.1_spec-1.1.1.jar;C:\Users\Abirami\.m2\repository\org\jboss\jandex\2.0.0.Final\jandex-2.0.0.Final.jar;C:\Users\Abirami\.m2\repository\dom4j\dom4j\1.6.1\dom4j-1.6.1.jar;C:\Users\Abirami\.m2\repository\org\hibernate\common\hibernate-commons-annotations\5.0.1.Final\hibernate-commons-annotations-5.0.1.Final.jar;C:\Users\Abirami\.m2\repository\org\springframework\boot\spring-boot-starter-test\1.5.21.RELEASE\spring-boot-starter-test-1.5.21.RELEASE.jar;C:\Users\Abirami\.m2\repository\org\springframework\boot\spring-boot-test\1.5.21.RELEASE\spring-boot-test-1.5.21.RELEASE.jar;C:\Users\Abirami\.m2\repository\org\springframework\boot\spring-boot-test-autoconfigure\1.5.21.RELEASE\spring-boot-test-autoconfigure-1.5.21.RELEASE.jar;C:\Users\Abirami\.m2\repository\com\jayway\jsonpath\json-path\2.2.0\json-path-2.2.0.jar;C:\Users\Abirami\.m2\repository\net\minidev\json-smart\2.2.1\json-smart-2.2.1.jar;C:\Users\Abirami\.m2\repository\net\minidev\accessors-smart\1.1\accessors-smart-1.1.jar;C:\Users\Abirami\.m2\repository\org\ow2\asm\asm\5.0.3\asm-5.0.3.jar;C:\Users\Abirami\.m2\repository\junit\junit\4.12\junit-4.12.jar;C:\Users\Abirami\.m2\repository\org\assertj\assertj-core\2.6.0\assertj-core-2.6.0.jar;C:\Users\Abirami\.m2\repository\org\mockito\mockito-core\1.10.19\mockito-core-1.10.19.jar;C:\Users\Abirami\.m2\repository\org\objenesis\objenesis\2.1\objenesis-2.1.jar;C:\Users\Abirami\.m2\repository\org\hamcrest\hamcrest-core\1.3\hamcrest-core-1.3.jar;C:\Users\Abirami\.m2\repository\org\hamcrest\hamcrest-library\1.3\hamcrest-library-1.3.jar;C:\Users\Abirami\.m2\repository\org\skyscreamer\jsonassert\1.4.0\jsonassert-1.4.0.jar;C:\Users\Abirami\.m2\repository\com\vaadin\external\google\android-json\0.0.20131108.vaadin1\android-json-0.0.20131108.vaadin1.jar;C:\Users\Abirami\.m2\repository\org\springframework\spring-core\4.3.24.RELEASE\spring-core-4.3.24.RELEASE.jar;C:\Users\Abirami\.m2\repository\org\springframework\spring-test\4.3.24.RELEASE\spring-test-4.3.24.RELEASE.jar;, java.specification.name=Java Platform API Specification, java.class.version=52.0, sun.management.compiler=HotSpot 64-Bit Tiered Compilers, os.version=10.0, user.home=C:\Users\Abirami, user.timezone=Asia/Calcutta, java.awt.printerjob=sun.awt.windows.WPrinterJob, file.encoding=Cp1252, java.specification.version=1.8, java.class.path=E:\Spring\spring-tool-suite-3.9.8.RELEASE-e4.11.0-win32-x86_64\sts-bundle\sts-3.9.8.RELEASE\employee\target\test-classes;E:\Spring\spring-tool-suite-3.9.8.RELEASE-e4.11.0-win32-x86_64\sts-bundle\sts-3.9.8.RELEASE\employee\target\classes;C:\Users\Abirami\.m2\repository\org\springframework\boot\spring-boot-starter-data-jpa\1.5.21.RELEASE\spring-boot-starter-data-jpa-1.5.21.RELEASE.jar;C:\Users\Abirami\.m2\repository\org\springframework\boot\spring-boot-starter\1.5.21.RELEASE\spring-boot-starter-1.5.21.RELEASE.jar;C:\Users\Abirami\.m2\repository\org\springframework\boot\spring-boot\1.5.21.RELEASE\spring-boot-1.5.21.RELEASE.jar;C:\Users\Abirami\.m2\repository\org\springframework\boot\spring-boot-autoconfigure\1.5.21.RELEASE\spring-boot-autoconfigure-1.5.21.RELEASE.jar;C:\Users\Abirami\.m2\repository\org\springframework\boot\spring-boot-starter-logging\1.5.21.RELEASE\spring-boot-starter-logging-1.5.21.RELEASE.jar;C:\Users\Abirami\.m2\repository\ch\qos\logback\logback-classic\1.1.11\logback-classic-1.1.11.jar;C:\Users\Abirami\.m2\repository\ch\qos\logback\logback-core\1.1.11\logback-core-1.1.11.jar;C:\Users\Abirami\.m2\repository\org\slf4j\jul-to-slf4j\1.7.26\jul-to-slf4j-1.7.26.jar;C:\Users\Abirami\.m2\repository\org\slf4j\log4j-over-slf4j\1.7.26\log4j-over-slf4j-1.7.26.jar;C:\Users\Abirami\.m2\repository\org\yaml\snakeyaml\1.17\snakeyaml-1.17.jar;C:\Users\Abirami\.m2\repository\org\springframework\boot\spring-boot-starter-aop\1.5.21.RELEASE\spring-boot-starter-aop-1.5.21.RELEASE.jar;C:\Users\Abirami\.m2\repository\org\springframework\spring-aop\4.3.24.RELEASE\spring-aop-4.3.24.RELEASE.jar;C:\Users\Abirami\.m2\repository\org\aspectj\aspectjweaver\1.8.14\aspectjweaver-1.8.14.jar;C:\Users\Abirami\.m2\repository\org\springframework\boot\spring-boot-starter-jdbc\1.5.21.RELEASE\spring-boot-starter-jdbc-1.5.21.RELEASE.jar;C:\Users\Abirami\.m2\repository\org\apache\tomcat\tomcat-jdbc\8.5.40\tomcat-jdbc-8.5.40.jar;C:\Users\Abirami\.m2\repository\org\apache\tomcat\tomcat-juli\8.5.40\tomcat-juli-8.5.40.jar;C:\Users\Abirami\.m2\repository\org\springframework\spring-jdbc\4.3.24.RELEASE\spring-jdbc-4.3.24.RELEASE.jar;C:\Users\Abirami\.m2\repository\org\hibernate\hibernate-entitymanager\5.0.12.Final\hibernate-entitymanager-5.0.12.Final.jar;C:\Users\Abirami\.m2\repository\javax\transaction\javax.transaction-api\1.2\javax.transaction-api-1.2.jar;C:\Users\Abirami\.m2\repository\org\springframework\data\spring-data-jpa\1.11.22.RELEASE\spring-data-jpa-1.11.22.RELEASE.jar;C:\Users\Abirami\.m2\repository\org\springframework\data\spring-data-commons\1.13.22.RELEASE\spring-data-commons-1.13.22.RELEASE.jar;C:\Users\Abirami\.m2\repository\org\springframework\spring-orm\4.3.24.RELEASE\spring-orm-4.3.24.RELEASE.jar;C:\Users\Abirami\.m2\repository\org\springframework\spring-context\4.3.24.RELEASE\spring-context-4.3.24.RELEASE.jar;C:\Users\Abirami\.m2\repository\org\springframework\spring-tx\4.3.24.RELEASE\spring-tx-4.3.24.RELEASE.jar;C:\Users\Abirami\.m2\repository\org\springframework\spring-beans\4.3.24.RELEASE\spring-beans-4.3.24.RELEASE.jar;C:\Users\Abirami\.m2\repository\org\slf4j\slf4j-api\1.7.26\slf4j-api-1.7.26.jar;C:\Users\Abirami\.m2\repository\org\slf4j\jcl-over-slf4j\1.7.26\jcl-over-slf4j-1.7.26.jar;C:\Users\Abirami\.m2\repository\org\springframework\spring-aspects\4.3.24.RELEASE\spring-aspects-4.3.24.RELEASE.jar;C:\Users\Abirami\.m2\repository\org\springframework\boot\spring-boot-starter-web\1.5.21.RELEASE\spring-boot-starter-web-1.5.21.RELEASE.jar;C:\Users\Abirami\.m2\repository\org\springframework\boot\spring-boot-starter-tomcat\1.5.21.RELEASE\spring-boot-starter-tomcat-1.5.21.RELEASE.jar;C:\Users\Abirami\.m2\repository\org\apache\tomcat\embed\tomcat-embed-core\8.5.40\tomcat-embed-core-8.5.40.jar;C:\Users\Abirami\.m2\repository\org\apache\tomcat\tomcat-annotations-api\8.5.40\tomcat-annotations-api-8.5.40.jar;C:\Users\Abirami\.m2\repository\org\apache\tomcat\embed\tomcat-embed-el\8.5.40\tomcat-embed-el-8.5.40.jar;C:\Users\Abirami\.m2\repository\org\apache\tomcat\embed\tomcat-embed-websocket\8.5.40\tomcat-embed-websocket-8.5.40.jar;C:\Users\Abirami\.m2\repository\org\hibernate\hibernate-validator\5.3.6.Final\hibernate-validator-5.3.6.Final.jar;C:\Users\Abirami\.m2\repository\javax\validation\validation-api\1.1.0.Final\validation-api-1.1.0.Final.jar;C:\Users\Abirami\.m2\repository\com\fasterxml\classmate\1.3.4\classmate-1.3.4.jar;C:\Users\Abirami\.m2\repository\com\fasterxml\jackson\core\jackson-databind\2.8.11.3\jackson-databind-2.8.11.3.jar;C:\Users\Abirami\.m2\repository\com\fasterxml\jackson\core\jackson-annotations\2.8.0\jackson-annotations-2.8.0.jar;C:\Users\Abirami\.m2\repository\com\fasterxml\jackson\core\jackson-core\2.8.11\jackson-core-2.8.11.jar;C:\Users\Abirami\.m2\repository\org\springframework\spring-web\4.3.24.RELEASE\spring-web-4.3.24.RELEASE.jar;C:\Users\Abirami\.m2\repository\org\springframework\spring-webmvc\4.3.24.RELEASE\spring-webmvc-4.3.24.RELEASE.jar;C:\Users\Abirami\.m2\repository\org\springframework\spring-expression\4.3.24.RELEASE\spring-expression-4.3.24.RELEASE.jar;C:\Users\Abirami\.m2\repository\mysql\mysql-connector-java\5.1.47\mysql-connector-java-5.1.47.jar;C:\Users\Abirami\.m2\repository\org\hibernate\hibernate-core\5.0.12.Final\hibernate-core-5.0.12.Final.jar;C:\Users\Abirami\.m2\repository\org\jboss\logging\jboss-logging\3.3.2.Final\jboss-logging-3.3.2.Final.jar;C:\Users\Abirami\.m2\repository\org\hibernate\javax\persistence\hibernate-jpa-2.1-api\1.0.0.Final\hibernate-jpa-2.1-api-1.0.0.Final.jar;C:\Users\Abirami\.m2\repository\org\javassist\javassist\3.21.0-GA\javassist-3.21.0-GA.jar;C:\Users\Abirami\.m2\repository\antlr\antlr\2.7.7\antlr-2.7.7.jar;C:\Users\Abirami\.m2\repository\org\apache\geronimo\specs\geronimo-jta_1.1_spec\1.1.1\geronimo-jta_1.1_spec-1.1.1.jar;C:\Users\Abirami\.m2\repository\org\jboss\jandex\2.0.0.Final\jandex-2.0.0.Final.jar;C:\Users\Abirami\.m2\repository\dom4j\dom4j\1.6.1\dom4j-1.6.1.jar;C:\Users\Abirami\.m2\repository\org\hibernate\common\hibernate-commons-annotations\5.0.1.Final\hibernate-commons-annotations-5.0.1.Final.jar;C:\Users\Abirami\.m2\repository\org\springframework\boot\spring-boot-starter-test\1.5.21.RELEASE\spring-boot-starter-test-1.5.21.RELEASE.jar;C:\Users\Abirami\.m2\repository\org\springframework\boot\spring-boot-test\1.5.21.RELEASE\spring-boot-test-1.5.21.RELEASE.jar;C:\Users\Abirami\.m2\repository\org\springframework\boot\spring-boot-test-autoconfigure\1.5.21.RELEASE\spring-boot-test-autoconfigure-1.5.21.RELEASE.jar;C:\Users\Abirami\.m2\repository\com\jayway\jsonpath\json-path\2.2.0\json-path-2.2.0.jar;C:\Users\Abirami\.m2\repository\net\minidev\json-smart\2.2.1\json-smart-2.2.1.jar;C:\Users\Abirami\.m2\repository\net\minidev\accessors-smart\1.1\accessors-smart-1.1.jar;C:\Users\Abirami\.m2\repository\org\ow2\asm\asm\5.0.3\asm-5.0.3.jar;C:\Users\Abirami\.m2\repository\junit\junit\4.12\junit-4.12.jar;C:\Users\Abirami\.m2\repository\org\assertj\assertj-core\2.6.0\assertj-core-2.6.0.jar;C:\Users\Abirami\.m2\repository\org\mockito\mockito-core\1.10.19\mockito-core-1.10.19.jar;C:\Users\Abirami\.m2\repository\org\objenesis\objenesis\2.1\objenesis-2.1.jar;C:\Users\Abirami\.m2\repository\org\hamcrest\hamcrest-core\1.3\hamcrest-core-1.3.jar;C:\Users\Abirami\.m2\repository\org\hamcrest\hamcrest-library\1.3\hamcrest-library-1.3.jar;C:\Users\Abirami\.m2\repository\org\skyscreamer\jsonassert\1.4.0\jsonassert-1.4.0.jar;C:\Users\Abirami\.m2\repository\com\vaadin\external\google\android-json\0.0.20131108.vaadin1\android-json-0.0.20131108.vaadin1.jar;C:\Users\Abirami\.m2\repository\org\springframework\spring-core\4.3.24.RELEASE\spring-core-4.3.24.RELEASE.jar;C:\Users\Abirami\.m2\repository\org\springframework\spring-test\4.3.24.RELEASE\spring-test-4.3.24.RELEASE.jar;, user.name=Abirami, java.vm.specification.version=1.8, sun.java.command=E:\Spring\spring-tool-suite-3.9.8.RELEASE-e4.11.0-win32-x86_64\sts-bundle\sts-3.9.8.RELEASE\employee\target\surefire\surefirebooter6507824661814399842.jar E:\Spring\spring-tool-suite-3.9.8.RELEASE-e4.11.0-win32-x86_64\sts-bundle\sts-3.9.8.RELEASE\employee\target\surefire\surefire7419455065870588344tmp E:\Spring\spring-tool-suite-3.9.8.RELEASE-e4.11.0-win32-x86_64\sts-bundle\sts-3.9.8.RELEASE\employee\target\surefire\surefire_07337000787546281729tmp, java.home=C:\Program Files\Java\jdk1.8.0_201\jre, sun.arch.data.model=64, user.language=en, java.specification.vendor=Oracle Corporation, awt.toolkit=sun.awt.windows.WToolkit, java.vm.info=mixed mode, java.version=1.8.0_201, java.ext.dirs=C:\Program Files\Java\jdk1.8.0_201\jre\lib\ext;C:\WINDOWS\Sun\Java\lib\ext, sun.boot.class.path=C:\Program Files\Java\jdk1.8.0_201\jre\lib\resources.jar;C:\Program Files\Java\jdk1.8.0_201\jre\lib\rt.jar;C:\Program Files\Java\jdk1.8.0_201\jre\lib\sunrsasign.jar;C:\Program Files\Java\jdk1.8.0_201\jre\lib\jsse.jar;C:\Program Files\Java\jdk1.8.0_201\jre\lib\jce.jar;C:\Program Files\Java\jdk1.8.0_201\jre\lib\charsets.jar;C:\Program Files\Java\jdk1.8.0_201\jre\lib\jfr.jar;C:\Program Files\Java\jdk1.8.0_201\jre\classes, java.vendor=Oracle Corporation, localRepository=C:\Users\Abirami\.m2\repository, file.separator=\, java.vendor.url.bug=http://bugreport.sun.com/bugreport/, sun.io.unicode.encoding=UnicodeLittle, sun.cpu.endian=little, sun.desktop=windows, sun.cpu.isalist=amd64}}, SystemEnvironmentPropertySource@1227074340 {name='systemEnvironment', properties={PATH=C:/Program Files/Java/jdk1.8.0_201/bin/../jre/bin/server;C:/Program Files/Java/jdk1.8.0_201/bin/../jre/bin;C:/Program Files/Java/jdk1.8.0_201/bin/../jre/lib/amd64;C:\WINDOWS\System32;C:\Users\Abirami\AppData\Local\Programs\Python\Python37-32\Scripts\;C:\Users\Abirami\AppData\Local\Programs\Python\Python37-32\;C:\Program Files\Java\jdk1.8.0_201\bin\;C:\Program Files\MySQL\MySQL Server 8.0\bin\;C:\Program Files\MySQL\MySQL Shell 8.0\bin;;C:\Program Files\JetBrains\PyCharm Community Edition 2019.2.4\bin;;E:\Spring\spring-tool-suite-3.9.8.RELEASE-e4.11.0-win32-x86_64\sts-bundle\sts-3.9.8.RELEASE;, PYCHARM COMMUNITY EDITION=C:\Program Files\JetBrains\PyCharm Community Edition 2019.2.4\bin;, USERDOMAIN_ROAMINGPROFILE=LAPTOP-FABAOP2L, LOCALAPPDATA=C:\Users\Abirami\AppData\Local, PROCESSOR_LEVEL=6, SYSTEMDRIVE=C:, EASYPLUSSDK="C:\Program Files (x86)\Common Files\lenovo\easyplussdk\bin", COMMONPROGRAMFILES(X86)=C:\Program Files (x86)\Common Files, USERDOMAIN=LAPTOP-FABAOP2L, FPS_BROWSER_APP_PROFILE_STRING=Internet Explorer, LOGONSERVER=\\LAPTOP-FABAOP2L, PROMPT=$P$G, SESSIONNAME=Console, ALLUSERSPROFILE=C:\ProgramData, PROGRAMFILES(X86)=C:\Program Files (x86), PROCESSOR_ARCHITECTURE=AMD64, DRIVERDATA=C:\Windows\System32\Drivers\DriverData, =E:=E:\Spring\spring-tool-suite-3.9.8.RELEASE-e4.11.0-win32-x86_64\sts-bundle\sts-3.9.8.RELEASE\employee, PROGRAMFILES=C:\Program Files, =C:=C:\, APPDATA=C:\Users\Abirami\AppData\Roaming, MOZ_PLUGIN_PATH=C:\Program Files (x86)\Foxit Software\Foxit Reader\plugins\, PSMODULEPATH=C:\WINDOWS\system32\WindowsPowerShell\v1.0\Modules\, PROGRAMW6432=C:\Program Files, PROGRAMDATA=C:\ProgramData, SYSTEMROOT=C:\WINDOWS, USERNAME=Abirami, FPS_BROWSER_USER_PROFILE_STRING=Default, ONEDRIVE=C:\Users\Abirami\OneDrive, CONFIGSETROOT=C:\WINDOWS\ConfigSetRoot, PATHEXT=.COM;.EXE;.BAT;.CMD;.VBS;.VBE;.JS;.JSE;.WSF;.WSH;.MSC, OS=Windows_NT, COMMONPROGRAMW6432=C:\Program Files\Common Files, COMPUTERNAME=LAPTOP-FABAOP2L, COMMONPROGRAMFILES=C:\Program Files\Common Files, COMSPEC=C:\WINDOWS\system32\cmd.exe, PROCESSOR_REVISION=3d04, WINDIR=C:\WINDOWS, HOMEPATH=\Users\Abirami, TEMP=C:\Users\Abirami\AppData\Local\Temp, HOMEDRIVE=C:, PROCESSOR_IDENTIFIER=Intel64 Family 6 Model 61 Stepping 4, GenuineIntel, USERPROFILE=C:\Users\Abirami, TMP=C:\Users\Abirami\AppData\Local\Temp, PUBLIC=C:\Users\Public, NUMBER_OF_PROCESSORS=4, =::=::\}}]
19:44:26.508 [main] DEBUG org.springframework.core.io.support.PathMatchingResourcePatternResolver - Resolved classpath location [com/example/demoabi/] to resources [URL [file:/E:/Spring/spring-tool-suite-3.9.8.RELEASE-e4.11.0-win32-x86_64/sts-bundle/sts-3.9.8.RELEASE/employee/target/test-classes/com/example/demoabi/]]
19:44:26.509 [main] DEBUG org.springframework.core.io.support.PathMatchingResourcePatternResolver - Looking for matching resources in directory tree [E:\Spring\spring-tool-suite-3.9.8.RELEASE-e4.11.0-win32-x86_64\sts-bundle\sts-3.9.8.RELEASE\employee\target\test-classes\com\example\demoabi]
19:44:26.509 [main] DEBUG org.springframework.core.io.support.PathMatchingResourcePatternResolver - Searching directory [E:\Spring\spring-tool-suite-3.9.8.RELEASE-e4.11.0-win32-x86_64\sts-bundle\sts-3.9.8.RELEASE\employee\target\test-classes\com\example\demoabi] for files matching pattern [E:/Spring/spring-tool-suite-3.9.8.RELEASE-e4.11.0-win32-x86_64/sts-bundle/sts-3.9.8.RELEASE/employee/target/test-classes/com/example/demoabi/*.class]
19:44:26.511 [main] DEBUG org.springframework.core.io.support.PathMatchingResourcePatternResolver - Resolved location pattern [classpath*:com/example/demoabi/*.class] to resources [file [E:\Spring\spring-tool-suite-3.9.8.RELEASE-e4.11.0-win32-x86_64\sts-bundle\sts-3.9.8.RELEASE\employee\target\test-classes\com\example\demoabi\DemoabiApplicationTests.class]]
19:44:26.514 [main] DEBUG org.springframework.core.io.support.PathMatchingResourcePatternResolver - Resolved classpath location [com/example/] to resources [URL [file:/E:/Spring/spring-tool-suite-3.9.8.RELEASE-e4.11.0-win32-x86_64/sts-bundle/sts-3.9.8.RELEASE/employee/target/test-classes/com/example/]]
19:44:26.515 [main] DEBUG org.springframework.core.io.support.PathMatchingResourcePatternResolver - Looking for matching resources in directory tree [E:\Spring\spring-tool-suite-3.9.8.RELEASE-e4.11.0-win32-x86_64\sts-bundle\sts-3.9.8.RELEASE\employee\target\test-classes\com\example]
19:44:26.515 [main] DEBUG org.springframework.core.io.support.PathMatchingResourcePatternResolver - Searching directory [E:\Spring\spring-tool-suite-3.9.8.RELEASE-e4.11.0-win32-x86_64\sts-bundle\sts-3.9.8.RELEASE\employee\target\test-classes\com\example] for files matching pattern [E:/Spring/spring-tool-suite-3.9.8.RELEASE-e4.11.0-win32-x86_64/sts-bundle/sts-3.9.8.RELEASE/employee/target/test-classes/com/example/*.class]
19:44:26.516 [main] DEBUG org.springframework.core.io.support.PathMatchingResourcePatternResolver - Resolved location pattern [classpath*:com/example/*.class] to resources []
19:44:26.518 [main] DEBUG org.springframework.core.io.support.PathMatchingResourcePatternResolver - Resolved classpath location [com/] to resources [URL [file:/E:/Spring/spring-tool-suite-3.9.8.RELEASE-e4.11.0-win32-x86_64/sts-bundle/sts-3.9.8.RELEASE/employee/target/test-classes/com/], URL [jar:file:/C:/Users/Abirami/.m2/repository/com/fasterxml/classmate/1.3.4/classmate-1.3.4.jar!/com/], URL [jar:file:/C:/Users/Abirami/.m2/repository/com/fasterxml/jackson/core/jackson-databind/2.8.11.3/jackson-databind-2.8.11.3.jar!/com/], URL [jar:file:/C:/Users/Abirami/.m2/repository/com/fasterxml/jackson/core/jackson-annotations/2.8.0/jackson-annotations-2.8.0.jar!/com/], URL [jar:file:/C:/Users/Abirami/.m2/repository/com/fasterxml/jackson/core/jackson-core/2.8.11/jackson-core-2.8.11.jar!/com/], URL [jar:file:/C:/Users/Abirami/.m2/repository/mysql/mysql-connector-java/5.1.47/mysql-connector-java-5.1.47.jar!/com/], URL [jar:file:/C:/Users/Abirami/.m2/repository/com/jayway/jsonpath/json-path/2.2.0/json-path-2.2.0.jar!/com/]]
19:44:26.519 [main] DEBUG org.springframework.core.io.support.PathMatchingResourcePatternResolver - Looking for matching resources in directory tree [E:\Spring\spring-tool-suite-3.9.8.RELEASE-e4.11.0-win32-x86_64\sts-bundle\sts-3.9.8.RELEASE\employee\target\test-classes\com]
19:44:26.519 [main] DEBUG org.springframework.core.io.support.PathMatchingResourcePatternResolver - Searching directory [E:\Spring\spring-tool-suite-3.9.8.RELEASE-e4.11.0-win32-x86_64\sts-bundle\sts-3.9.8.RELEASE\employee\target\test-classes\com] for files matching pattern [E:/Spring/spring-tool-suite-3.9.8.RELEASE-e4.11.0-win32-x86_64/sts-bundle/sts-3.9.8.RELEASE/employee/target/test-classes/com/*.class]
19:44:26.520 [main] DEBUG org.springframework.core.io.support.PathMatchingResourcePatternResolver - Looking for matching resources in jar file [file:/C:/Users/Abirami/.m2/repository/com/fasterxml/classmate/1.3.4/classmate-1.3.4.jar]
19:44:26.523 [main] DEBUG org.springframework.core.io.support.PathMatchingResourcePatternResolver - Looking for matching resources in jar file [file:/C:/Users/Abirami/.m2/repository/com/fasterxml/jackson/core/jackson-databind/2.8.11.3/jackson-databind-2.8.11.3.jar]
19:44:26.575 [main] DEBUG org.springframework.core.io.support.PathMatchingResourcePatternResolver - Looking for matching resources in jar file [file:/C:/Users/Abirami/.m2/repository/com/fasterxml/jackson/core/jackson-annotations/2.8.0/jackson-annotations-2.8.0.jar]
19:44:26.590 [main] DEBUG org.springframework.core.io.support.PathMatchingResourcePatternResolver - Looking for matching resources in jar file [file:/C:/Users/Abirami/.m2/repository/com/fasterxml/jackson/core/jackson-core/2.8.11/jackson-core-2.8.11.jar]
19:44:26.596 [main] DEBUG org.springframework.core.io.support.PathMatchingResourcePatternResolver - Looking for matching resources in jar file [file:/C:/Users/Abirami/.m2/repository/mysql/mysql-connector-java/5.1.47/mysql-connector-java-5.1.47.jar]
19:44:26.615 [main] DEBUG org.springframework.core.io.support.PathMatchingResourcePatternResolver - Looking for matching resources in jar file [file:/C:/Users/Abirami/.m2/repository/com/jayway/jsonpath/json-path/2.2.0/json-path-2.2.0.jar]
19:44:26.617 [main] DEBUG org.springframework.core.io.support.PathMatchingResourcePatternResolver - Resolved location pattern [classpath*:com/*.class] to resources []
]]></system-out>
  </testcase>
</testsuite>